{"C:\\Projects\\Sweet_Shop_Management\\backend\\src\\app.js": {"path":"C:\\Projects\\Sweet_Shop_Management\\backend\\src\\app.js","statementMap":{"0":{"start":{"line":1,"column":0},"end":{"line":1,"column":27}},"1":{"start":{"line":2,"column":16},"end":{"line":2,"column":34}},"2":{"start":{"line":3,"column":13},"end":{"line":3,"column":28}},"3":{"start":{"line":4,"column":18},"end":{"line":4,"column":46}},"4":{"start":{"line":6,"column":12},"end":{"line":6,"column":21}},"5":{"start":{"line":9,"column":0},"end":{"line":9,"column":12}},"6":{"start":{"line":12,"column":0},"end":{"line":12,"column":16}},"7":{"start":{"line":13,"column":0},"end":{"line":13,"column":24}},"8":{"start":{"line":16,"column":0},"end":{"line":22,"column":3}},"9":{"start":{"line":17,"column":2},"end":{"line":17,"column":27}},"10":{"start":{"line":18,"column":2},"end":{"line":21,"column":5}},"11":{"start":{"line":25,"column":19},"end":{"line":25,"column":43}},"12":{"start":{"line":26,"column":20},"end":{"line":26,"column":45}},"13":{"start":{"line":29,"column":0},"end":{"line":35,"column":3}},"14":{"start":{"line":30,"column":2},"end":{"line":34,"column":5}},"15":{"start":{"line":38,"column":0},"end":{"line":45,"column":3}},"16":{"start":{"line":39,"column":2},"end":{"line":39,"column":56}},"17":{"start":{"line":40,"column":2},"end":{"line":44,"column":5}},"18":{"start":{"line":48,"column":0},"end":{"line":48,"column":33}},"19":{"start":{"line":49,"column":0},"end":{"line":49,"column":36}},"20":{"start":{"line":51,"column":0},"end":{"line":51,"column":21}}},"fnMap":{"0":{"name":"(anonymous_0)","decl":{"start":{"line":16,"column":8},"end":{"line":16,"column":9}},"loc":{"start":{"line":16,"column":33},"end":{"line":22,"column":1}},"line":16},"1":{"name":"(anonymous_1)","decl":{"start":{"line":29,"column":19},"end":{"line":29,"column":20}},"loc":{"start":{"line":29,"column":33},"end":{"line":35,"column":1}},"line":29},"2":{"name":"(anonymous_2)","decl":{"start":{"line":38,"column":22},"end":{"line":38,"column":23}},"loc":{"start":{"line":38,"column":36},"end":{"line":45,"column":1}},"line":38}},"branchMap":{},"s":{"0":1,"1":1,"2":1,"3":1,"4":1,"5":1,"6":1,"7":1,"8":1,"9":0,"10":0,"11":1,"12":1,"13":1,"14":0,"15":1,"16":0,"17":0,"18":1,"19":1,"20":1},"f":{"0":0,"1":0,"2":0},"b":{},"_coverageSchema":"1a1c01bbd47fc00a2c39e90264f33305004495a9","hash":"80a56c37ed77ef228311979b7a070e31419c049b"}
,"C:\\Projects\\Sweet_Shop_Management\\backend\\src\\config\\database.js": {"path":"C:\\Projects\\Sweet_Shop_Management\\backend\\src\\config\\database.js","statementMap":{"0":{"start":{"line":1,"column":17},"end":{"line":1,"column":36}},"1":{"start":{"line":3,"column":18},"end":{"line":35,"column":1}},"2":{"start":{"line":4,"column":2},"end":{"line":34,"column":3}},"3":{"start":{"line":6,"column":4},"end":{"line":8,"column":5}},"4":{"start":{"line":7,"column":6},"end":{"line":7,"column":33}},"5":{"start":{"line":10,"column":17},"end":{"line":10,"column":64}},"6":{"start":{"line":12,"column":4},"end":{"line":14,"column":5}},"7":{"start":{"line":13,"column":6},"end":{"line":13,"column":64}},"8":{"start":{"line":17,"column":4},"end":{"line":19,"column":7}},"9":{"start":{"line":18,"column":6},"end":{"line":18,"column":54}},"10":{"start":{"line":21,"column":4},"end":{"line":25,"column":7}},"11":{"start":{"line":22,"column":6},"end":{"line":24,"column":7}},"12":{"start":{"line":23,"column":8},"end":{"line":23,"column":44}},"13":{"start":{"line":27,"column":4},"end":{"line":27,"column":16}},"14":{"start":{"line":29,"column":4},"end":{"line":29,"column":63}},"15":{"start":{"line":30,"column":4},"end":{"line":32,"column":5}},"16":{"start":{"line":31,"column":6},"end":{"line":31,"column":22}},"17":{"start":{"line":33,"column":4},"end":{"line":33,"column":16}},"18":{"start":{"line":37,"column":0},"end":{"line":37,"column":27}}},"fnMap":{"0":{"name":"(anonymous_0)","decl":{"start":{"line":3,"column":18},"end":{"line":3,"column":19}},"loc":{"start":{"line":3,"column":30},"end":{"line":35,"column":1}},"line":3},"1":{"name":"(anonymous_1)","decl":{"start":{"line":17,"column":36},"end":{"line":17,"column":37}},"loc":{"start":{"line":17,"column":45},"end":{"line":19,"column":5}},"line":17},"2":{"name":"(anonymous_2)","decl":{"start":{"line":21,"column":43},"end":{"line":21,"column":44}},"loc":{"start":{"line":21,"column":49},"end":{"line":25,"column":5}},"line":21}},"branchMap":{"0":{"loc":{"start":{"line":6,"column":4},"end":{"line":8,"column":5}},"type":"if","locations":[{"start":{"line":6,"column":4},"end":{"line":8,"column":5}},{"start":{},"end":{}}],"line":6},"1":{"loc":{"start":{"line":12,"column":4},"end":{"line":14,"column":5}},"type":"if","locations":[{"start":{"line":12,"column":4},"end":{"line":14,"column":5}},{"start":{},"end":{}}],"line":12},"2":{"loc":{"start":{"line":22,"column":6},"end":{"line":24,"column":7}},"type":"if","locations":[{"start":{"line":22,"column":6},"end":{"line":24,"column":7}},{"start":{},"end":{}}],"line":22},"3":{"loc":{"start":{"line":30,"column":4},"end":{"line":32,"column":5}},"type":"if","locations":[{"start":{"line":30,"column":4},"end":{"line":32,"column":5}},{"start":{},"end":{}}],"line":30}},"s":{"0":1,"1":1,"2":1,"3":1,"4":0,"5":1,"6":1,"7":0,"8":1,"9":0,"10":1,"11":2,"12":0,"13":1,"14":0,"15":0,"16":0,"17":0,"18":1},"f":{"0":1,"1":0,"2":2},"b":{"0":[0,1],"1":[0,1],"2":[0,2],"3":[0,0]},"_coverageSchema":"1a1c01bbd47fc00a2c39e90264f33305004495a9","hash":"fcd4e3c311e765252f1572790fa6c4aa162bee77"}
,"C:\\Projects\\Sweet_Shop_Management\\backend\\src\\controllers\\authController.js": {"path":"C:\\Projects\\Sweet_Shop_Management\\backend\\src\\controllers\\authController.js","statementMap":{"0":{"start":{"line":1,"column":13},"end":{"line":1,"column":38}},"1":{"start":{"line":2,"column":12},"end":{"line":2,"column":35}},"2":{"start":{"line":4,"column":22},"end":{"line":8,"column":1}},"3":{"start":{"line":5,"column":2},"end":{"line":7,"column":5}},"4":{"start":{"line":10,"column":17},"end":{"line":64,"column":1}},"5":{"start":{"line":11,"column":2},"end":{"line":63,"column":3}},"6":{"start":{"line":12,"column":42},"end":{"line":12,"column":50}},"7":{"start":{"line":14,"column":4},"end":{"line":19,"column":5}},"8":{"start":{"line":15,"column":6},"end":{"line":18,"column":9}},"9":{"start":{"line":22,"column":25},"end":{"line":24,"column":6}},"10":{"start":{"line":26,"column":4},"end":{"line":32,"column":5}},"11":{"start":{"line":27,"column":20},"end":{"line":27,"column":71}},"12":{"start":{"line":28,"column":6},"end":{"line":31,"column":9}},"13":{"start":{"line":35,"column":17},"end":{"line":39,"column":6}},"14":{"start":{"line":41,"column":4},"end":{"line":41,"column":22}},"15":{"start":{"line":44,"column":18},"end":{"line":44,"column":41}},"16":{"start":{"line":46,"column":4},"end":{"line":55,"column":7}},"17":{"start":{"line":58,"column":4},"end":{"line":58,"column":48}},"18":{"start":{"line":59,"column":4},"end":{"line":62,"column":7}},"19":{"start":{"line":66,"column":14},"end":{"line":116,"column":1}},"20":{"start":{"line":67,"column":2},"end":{"line":115,"column":3}},"21":{"start":{"line":68,"column":32},"end":{"line":68,"column":40}},"22":{"start":{"line":70,"column":4},"end":{"line":75,"column":5}},"23":{"start":{"line":71,"column":6},"end":{"line":74,"column":9}},"24":{"start":{"line":78,"column":17},"end":{"line":78,"column":46}},"25":{"start":{"line":79,"column":4},"end":{"line":84,"column":5}},"26":{"start":{"line":80,"column":6},"end":{"line":83,"column":9}},"27":{"start":{"line":87,"column":20},"end":{"line":87,"column":56}},"28":{"start":{"line":88,"column":4},"end":{"line":93,"column":5}},"29":{"start":{"line":89,"column":6},"end":{"line":92,"column":9}},"30":{"start":{"line":96,"column":18},"end":{"line":96,"column":41}},"31":{"start":{"line":98,"column":4},"end":{"line":107,"column":7}},"32":{"start":{"line":110,"column":4},"end":{"line":110,"column":41}},"33":{"start":{"line":111,"column":4},"end":{"line":114,"column":7}},"34":{"start":{"line":118,"column":0},"end":{"line":121,"column":2}}},"fnMap":{"0":{"name":"(anonymous_0)","decl":{"start":{"line":4,"column":22},"end":{"line":4,"column":23}},"loc":{"start":{"line":4,"column":34},"end":{"line":8,"column":1}},"line":4},"1":{"name":"(anonymous_1)","decl":{"start":{"line":10,"column":17},"end":{"line":10,"column":18}},"loc":{"start":{"line":10,"column":37},"end":{"line":64,"column":1}},"line":10},"2":{"name":"(anonymous_2)","decl":{"start":{"line":66,"column":14},"end":{"line":66,"column":15}},"loc":{"start":{"line":66,"column":34},"end":{"line":116,"column":1}},"line":66}},"branchMap":{"0":{"loc":{"start":{"line":6,"column":15},"end":{"line":6,"column":49}},"type":"binary-expr","locations":[{"start":{"line":6,"column":15},"end":{"line":6,"column":41}},{"start":{"line":6,"column":45},"end":{"line":6,"column":49}}],"line":6},"1":{"loc":{"start":{"line":14,"column":4},"end":{"line":19,"column":5}},"type":"if","locations":[{"start":{"line":14,"column":4},"end":{"line":19,"column":5}},{"start":{},"end":{}}],"line":14},"2":{"loc":{"start":{"line":14,"column":8},"end":{"line":14,"column":40}},"type":"binary-expr","locations":[{"start":{"line":14,"column":8},"end":{"line":14,"column":14}},{"start":{"line":14,"column":18},"end":{"line":14,"column":27}},{"start":{"line":14,"column":31},"end":{"line":14,"column":40}}],"line":14},"3":{"loc":{"start":{"line":26,"column":4},"end":{"line":32,"column":5}},"type":"if","locations":[{"start":{"line":26,"column":4},"end":{"line":32,"column":5}},{"start":{},"end":{}}],"line":26},"4":{"loc":{"start":{"line":27,"column":20},"end":{"line":27,"column":71}},"type":"cond-expr","locations":[{"start":{"line":27,"column":51},"end":{"line":27,"column":58}},{"start":{"line":27,"column":61},"end":{"line":27,"column":71}}],"line":27},"5":{"loc":{"start":{"line":70,"column":4},"end":{"line":75,"column":5}},"type":"if","locations":[{"start":{"line":70,"column":4},"end":{"line":75,"column":5}},{"start":{},"end":{}}],"line":70},"6":{"loc":{"start":{"line":70,"column":8},"end":{"line":70,"column":27}},"type":"binary-expr","locations":[{"start":{"line":70,"column":8},"end":{"line":70,"column":14}},{"start":{"line":70,"column":18},"end":{"line":70,"column":27}}],"line":70},"7":{"loc":{"start":{"line":79,"column":4},"end":{"line":84,"column":5}},"type":"if","locations":[{"start":{"line":79,"column":4},"end":{"line":84,"column":5}},{"start":{},"end":{}}],"line":79},"8":{"loc":{"start":{"line":88,"column":4},"end":{"line":93,"column":5}},"type":"if","locations":[{"start":{"line":88,"column":4},"end":{"line":93,"column":5}},{"start":{},"end":{}}],"line":88}},"s":{"0":1,"1":1,"2":1,"3":0,"4":1,"5":13,"6":13,"7":13,"8":13,"9":0,"10":0,"11":0,"12":0,"13":0,"14":0,"15":0,"16":0,"17":0,"18":0,"19":1,"20":5,"21":5,"22":5,"23":1,"24":4,"25":4,"26":4,"27":0,"28":0,"29":0,"30":0,"31":0,"32":0,"33":0,"34":1},"f":{"0":0,"1":13,"2":5},"b":{"0":[0,0],"1":[13,0],"2":[13,12,11],"3":[0,0],"4":[0,0],"5":[1,4],"6":[5,5],"7":[4,0],"8":[0,0]},"_coverageSchema":"1a1c01bbd47fc00a2c39e90264f33305004495a9","hash":"556c9b4f5314b3686b563f5c28d7506a257b4f3c"}
,"C:\\Projects\\Sweet_Shop_Management\\backend\\src\\controllers\\sweetController.js": {"path":"C:\\Projects\\Sweet_Shop_Management\\backend\\src\\controllers\\sweetController.js","statementMap":{"0":{"start":{"line":1,"column":14},"end":{"line":1,"column":40}},"1":{"start":{"line":8,"column":21},"end":{"line":24,"column":1}},"2":{"start":{"line":9,"column":2},"end":{"line":23,"column":3}},"3":{"start":{"line":10,"column":19},"end":{"line":10,"column":61}},"4":{"start":{"line":12,"column":4},"end":{"line":16,"column":7}},"5":{"start":{"line":18,"column":4},"end":{"line":18,"column":50}},"6":{"start":{"line":19,"column":4},"end":{"line":22,"column":7}},"7":{"start":{"line":31,"column":21},"end":{"line":59,"column":1}},"8":{"start":{"line":32,"column":2},"end":{"line":58,"column":3}},"9":{"start":{"line":33,"column":18},"end":{"line":33,"column":53}},"10":{"start":{"line":35,"column":4},"end":{"line":40,"column":5}},"11":{"start":{"line":36,"column":6},"end":{"line":39,"column":9}},"12":{"start":{"line":42,"column":4},"end":{"line":45,"column":7}},"13":{"start":{"line":47,"column":4},"end":{"line":47,"column":51}},"14":{"start":{"line":48,"column":4},"end":{"line":53,"column":5}},"15":{"start":{"line":49,"column":6},"end":{"line":52,"column":9}},"16":{"start":{"line":54,"column":4},"end":{"line":57,"column":7}},"17":{"start":{"line":66,"column":21},"end":{"line":105,"column":1}},"18":{"start":{"line":67,"column":2},"end":{"line":104,"column":3}},"19":{"start":{"line":68,"column":4},"end":{"line":68,"column":55}},"20":{"start":{"line":69,"column":41},"end":{"line":69,"column":50}},"21":{"start":{"line":70,"column":16},"end":{"line":70,"column":18}},"22":{"start":{"line":73,"column":4},"end":{"line":78,"column":5}},"23":{"start":{"line":74,"column":6},"end":{"line":77,"column":8}},"24":{"start":{"line":80,"column":4},"end":{"line":82,"column":5}},"25":{"start":{"line":81,"column":6},"end":{"line":81,"column":32}},"26":{"start":{"line":84,"column":4},"end":{"line":86,"column":5}},"27":{"start":{"line":85,"column":6},"end":{"line":85,"column":51}},"28":{"start":{"line":88,"column":4},"end":{"line":88,"column":46}},"29":{"start":{"line":89,"column":19},"end":{"line":89,"column":66}},"30":{"start":{"line":90,"column":4},"end":{"line":90,"column":56}},"31":{"start":{"line":92,"column":4},"end":{"line":97,"column":7}},"32":{"start":{"line":99,"column":4},"end":{"line":99,"column":49}},"33":{"start":{"line":100,"column":4},"end":{"line":103,"column":7}},"34":{"start":{"line":112,"column":20},"end":{"line":160,"column":1}},"35":{"start":{"line":113,"column":2},"end":{"line":159,"column":3}},"36":{"start":{"line":114,"column":4},"end":{"line":114,"column":56}},"37":{"start":{"line":115,"column":61},"end":{"line":115,"column":69}},"38":{"start":{"line":116,"column":18},"end":{"line":116,"column":66}},"39":{"start":{"line":119,"column":26},"end":{"line":121,"column":13}},"40":{"start":{"line":123,"column":4},"end":{"line":128,"column":5}},"41":{"start":{"line":124,"column":6},"end":{"line":127,"column":9}},"42":{"start":{"line":130,"column":18},"end":{"line":137,"column":6}},"43":{"start":{"line":139,"column":4},"end":{"line":139,"column":23}},"44":{"start":{"line":141,"column":4},"end":{"line":145,"column":7}},"45":{"start":{"line":147,"column":4},"end":{"line":147,"column":48}},"46":{"start":{"line":148,"column":4},"end":{"line":154,"column":5}},"47":{"start":{"line":149,"column":6},"end":{"line":153,"column":9}},"48":{"start":{"line":152,"column":55},"end":{"line":152,"column":66}},"49":{"start":{"line":155,"column":4},"end":{"line":158,"column":7}},"50":{"start":{"line":167,"column":20},"end":{"line":229,"column":1}},"51":{"start":{"line":168,"column":2},"end":{"line":228,"column":3}},"52":{"start":{"line":169,"column":68},"end":{"line":169,"column":76}},"53":{"start":{"line":171,"column":18},"end":{"line":171,"column":53}},"54":{"start":{"line":172,"column":4},"end":{"line":177,"column":5}},"55":{"start":{"line":173,"column":6},"end":{"line":176,"column":9}},"56":{"start":{"line":180,"column":4},"end":{"line":192,"column":5}},"57":{"start":{"line":181,"column":28},"end":{"line":184,"column":8}},"58":{"start":{"line":186,"column":6},"end":{"line":191,"column":7}},"59":{"start":{"line":187,"column":8},"end":{"line":190,"column":11}},"60":{"start":{"line":195,"column":4},"end":{"line":195,"column":46}},"61":{"start":{"line":195,"column":28},"end":{"line":195,"column":46}},"62":{"start":{"line":196,"column":4},"end":{"line":196,"column":58}},"63":{"start":{"line":196,"column":32},"end":{"line":196,"column":58}},"64":{"start":{"line":197,"column":4},"end":{"line":197,"column":49}},"65":{"start":{"line":197,"column":29},"end":{"line":197,"column":49}},"66":{"start":{"line":198,"column":4},"end":{"line":198,"column":58}},"67":{"start":{"line":198,"column":32},"end":{"line":198,"column":58}},"68":{"start":{"line":199,"column":4},"end":{"line":199,"column":67}},"69":{"start":{"line":199,"column":35},"end":{"line":199,"column":67}},"70":{"start":{"line":200,"column":4},"end":{"line":200,"column":49}},"71":{"start":{"line":200,"column":29},"end":{"line":200,"column":49}},"72":{"start":{"line":202,"column":4},"end":{"line":202,"column":23}},"73":{"start":{"line":204,"column":4},"end":{"line":208,"column":7}},"74":{"start":{"line":210,"column":4},"end":{"line":210,"column":48}},"75":{"start":{"line":211,"column":4},"end":{"line":216,"column":5}},"76":{"start":{"line":212,"column":6},"end":{"line":215,"column":9}},"77":{"start":{"line":217,"column":4},"end":{"line":223,"column":5}},"78":{"start":{"line":218,"column":6},"end":{"line":222,"column":9}},"79":{"start":{"line":221,"column":55},"end":{"line":221,"column":66}},"80":{"start":{"line":224,"column":4},"end":{"line":227,"column":7}},"81":{"start":{"line":236,"column":20},"end":{"line":265,"column":1}},"82":{"start":{"line":237,"column":2},"end":{"line":264,"column":3}},"83":{"start":{"line":238,"column":18},"end":{"line":238,"column":53}},"84":{"start":{"line":239,"column":4},"end":{"line":244,"column":5}},"85":{"start":{"line":240,"column":6},"end":{"line":243,"column":9}},"86":{"start":{"line":246,"column":4},"end":{"line":246,"column":49}},"87":{"start":{"line":248,"column":4},"end":{"line":251,"column":7}},"88":{"start":{"line":253,"column":4},"end":{"line":253,"column":48}},"89":{"start":{"line":254,"column":4},"end":{"line":259,"column":5}},"90":{"start":{"line":255,"column":6},"end":{"line":258,"column":9}},"91":{"start":{"line":260,"column":4},"end":{"line":263,"column":7}},"92":{"start":{"line":272,"column":22},"end":{"line":315,"column":1}},"93":{"start":{"line":273,"column":2},"end":{"line":314,"column":3}},"94":{"start":{"line":274,"column":29},"end":{"line":274,"column":37}},"95":{"start":{"line":276,"column":18},"end":{"line":276,"column":53}},"96":{"start":{"line":277,"column":4},"end":{"line":282,"column":5}},"97":{"start":{"line":278,"column":6},"end":{"line":281,"column":9}},"98":{"start":{"line":284,"column":4},"end":{"line":289,"column":5}},"99":{"start":{"line":285,"column":6},"end":{"line":288,"column":9}},"100":{"start":{"line":291,"column":4},"end":{"line":291,"column":35}},"101":{"start":{"line":293,"column":4},"end":{"line":301,"column":7}},"102":{"start":{"line":303,"column":4},"end":{"line":303,"column":50}},"103":{"start":{"line":304,"column":4},"end":{"line":309,"column":5}},"104":{"start":{"line":305,"column":6},"end":{"line":308,"column":9}},"105":{"start":{"line":310,"column":4},"end":{"line":313,"column":7}},"106":{"start":{"line":322,"column":21},"end":{"line":366,"column":1}},"107":{"start":{"line":323,"column":2},"end":{"line":365,"column":3}},"108":{"start":{"line":324,"column":25},"end":{"line":324,"column":33}},"109":{"start":{"line":326,"column":18},"end":{"line":326,"column":53}},"110":{"start":{"line":327,"column":4},"end":{"line":332,"column":5}},"111":{"start":{"line":328,"column":6},"end":{"line":331,"column":9}},"112":{"start":{"line":334,"column":29},"end":{"line":334,"column":43}},"113":{"start":{"line":335,"column":4},"end":{"line":335,"column":34}},"114":{"start":{"line":337,"column":4},"end":{"line":346,"column":7}},"115":{"start":{"line":348,"column":4},"end":{"line":348,"column":49}},"116":{"start":{"line":349,"column":4},"end":{"line":354,"column":5}},"117":{"start":{"line":350,"column":6},"end":{"line":353,"column":9}},"118":{"start":{"line":355,"column":4},"end":{"line":360,"column":5}},"119":{"start":{"line":356,"column":6},"end":{"line":359,"column":9}},"120":{"start":{"line":361,"column":4},"end":{"line":364,"column":7}},"121":{"start":{"line":368,"column":0},"end":{"line":377,"column":2}}},"fnMap":{"0":{"name":"(anonymous_0)","decl":{"start":{"line":8,"column":21},"end":{"line":8,"column":22}},"loc":{"start":{"line":8,"column":41},"end":{"line":24,"column":1}},"line":8},"1":{"name":"(anonymous_1)","decl":{"start":{"line":31,"column":21},"end":{"line":31,"column":22}},"loc":{"start":{"line":31,"column":41},"end":{"line":59,"column":1}},"line":31},"2":{"name":"(anonymous_2)","decl":{"start":{"line":66,"column":21},"end":{"line":66,"column":22}},"loc":{"start":{"line":66,"column":41},"end":{"line":105,"column":1}},"line":66},"3":{"name":"(anonymous_3)","decl":{"start":{"line":112,"column":20},"end":{"line":112,"column":21}},"loc":{"start":{"line":112,"column":40},"end":{"line":160,"column":1}},"line":112},"4":{"name":"(anonymous_4)","decl":{"start":{"line":152,"column":48},"end":{"line":152,"column":49}},"loc":{"start":{"line":152,"column":55},"end":{"line":152,"column":66}},"line":152},"5":{"name":"(anonymous_5)","decl":{"start":{"line":167,"column":20},"end":{"line":167,"column":21}},"loc":{"start":{"line":167,"column":40},"end":{"line":229,"column":1}},"line":167},"6":{"name":"(anonymous_6)","decl":{"start":{"line":221,"column":48},"end":{"line":221,"column":49}},"loc":{"start":{"line":221,"column":55},"end":{"line":221,"column":66}},"line":221},"7":{"name":"(anonymous_7)","decl":{"start":{"line":236,"column":20},"end":{"line":236,"column":21}},"loc":{"start":{"line":236,"column":40},"end":{"line":265,"column":1}},"line":236},"8":{"name":"(anonymous_8)","decl":{"start":{"line":272,"column":22},"end":{"line":272,"column":23}},"loc":{"start":{"line":272,"column":42},"end":{"line":315,"column":1}},"line":272},"9":{"name":"(anonymous_9)","decl":{"start":{"line":322,"column":21},"end":{"line":322,"column":22}},"loc":{"start":{"line":322,"column":41},"end":{"line":366,"column":1}},"line":322}},"branchMap":{"0":{"loc":{"start":{"line":35,"column":4},"end":{"line":40,"column":5}},"type":"if","locations":[{"start":{"line":35,"column":4},"end":{"line":40,"column":5}},{"start":{},"end":{}}],"line":35},"1":{"loc":{"start":{"line":48,"column":4},"end":{"line":53,"column":5}},"type":"if","locations":[{"start":{"line":48,"column":4},"end":{"line":53,"column":5}},{"start":{},"end":{}}],"line":48},"2":{"loc":{"start":{"line":73,"column":4},"end":{"line":78,"column":5}},"type":"if","locations":[{"start":{"line":73,"column":4},"end":{"line":78,"column":5}},{"start":{},"end":{}}],"line":73},"3":{"loc":{"start":{"line":80,"column":4},"end":{"line":82,"column":5}},"type":"if","locations":[{"start":{"line":80,"column":4},"end":{"line":82,"column":5}},{"start":{},"end":{}}],"line":80},"4":{"loc":{"start":{"line":84,"column":4},"end":{"line":86,"column":5}},"type":"if","locations":[{"start":{"line":84,"column":4},"end":{"line":86,"column":5}},{"start":{},"end":{}}],"line":84},"5":{"loc":{"start":{"line":116,"column":18},"end":{"line":116,"column":66}},"type":"binary-expr","locations":[{"start":{"line":116,"column":18},"end":{"line":116,"column":32}},{"start":{"line":116,"column":36},"end":{"line":116,"column":53}},{"start":{"line":116,"column":57},"end":{"line":116,"column":66}}],"line":116},"6":{"loc":{"start":{"line":123,"column":4},"end":{"line":128,"column":5}},"type":"if","locations":[{"start":{"line":123,"column":4},"end":{"line":128,"column":5}},{"start":{},"end":{}}],"line":123},"7":{"loc":{"start":{"line":148,"column":4},"end":{"line":154,"column":5}},"type":"if","locations":[{"start":{"line":148,"column":4},"end":{"line":154,"column":5}},{"start":{},"end":{}}],"line":148},"8":{"loc":{"start":{"line":172,"column":4},"end":{"line":177,"column":5}},"type":"if","locations":[{"start":{"line":172,"column":4},"end":{"line":177,"column":5}},{"start":{},"end":{}}],"line":172},"9":{"loc":{"start":{"line":180,"column":4},"end":{"line":192,"column":5}},"type":"if","locations":[{"start":{"line":180,"column":4},"end":{"line":192,"column":5}},{"start":{},"end":{}}],"line":180},"10":{"loc":{"start":{"line":180,"column":8},"end":{"line":180,"column":35}},"type":"binary-expr","locations":[{"start":{"line":180,"column":8},"end":{"line":180,"column":12}},{"start":{"line":180,"column":16},"end":{"line":180,"column":35}}],"line":180},"11":{"loc":{"start":{"line":186,"column":6},"end":{"line":191,"column":7}},"type":"if","locations":[{"start":{"line":186,"column":6},"end":{"line":191,"column":7}},{"start":{},"end":{}}],"line":186},"12":{"loc":{"start":{"line":195,"column":4},"end":{"line":195,"column":46}},"type":"if","locations":[{"start":{"line":195,"column":4},"end":{"line":195,"column":46}},{"start":{},"end":{}}],"line":195},"13":{"loc":{"start":{"line":196,"column":4},"end":{"line":196,"column":58}},"type":"if","locations":[{"start":{"line":196,"column":4},"end":{"line":196,"column":58}},{"start":{},"end":{}}],"line":196},"14":{"loc":{"start":{"line":197,"column":4},"end":{"line":197,"column":49}},"type":"if","locations":[{"start":{"line":197,"column":4},"end":{"line":197,"column":49}},{"start":{},"end":{}}],"line":197},"15":{"loc":{"start":{"line":198,"column":4},"end":{"line":198,"column":58}},"type":"if","locations":[{"start":{"line":198,"column":4},"end":{"line":198,"column":58}},{"start":{},"end":{}}],"line":198},"16":{"loc":{"start":{"line":199,"column":4},"end":{"line":199,"column":67}},"type":"if","locations":[{"start":{"line":199,"column":4},"end":{"line":199,"column":67}},{"start":{},"end":{}}],"line":199},"17":{"loc":{"start":{"line":200,"column":4},"end":{"line":200,"column":49}},"type":"if","locations":[{"start":{"line":200,"column":4},"end":{"line":200,"column":49}},{"start":{},"end":{}}],"line":200},"18":{"loc":{"start":{"line":211,"column":4},"end":{"line":216,"column":5}},"type":"if","locations":[{"start":{"line":211,"column":4},"end":{"line":216,"column":5}},{"start":{},"end":{}}],"line":211},"19":{"loc":{"start":{"line":217,"column":4},"end":{"line":223,"column":5}},"type":"if","locations":[{"start":{"line":217,"column":4},"end":{"line":223,"column":5}},{"start":{},"end":{}}],"line":217},"20":{"loc":{"start":{"line":239,"column":4},"end":{"line":244,"column":5}},"type":"if","locations":[{"start":{"line":239,"column":4},"end":{"line":244,"column":5}},{"start":{},"end":{}}],"line":239},"21":{"loc":{"start":{"line":254,"column":4},"end":{"line":259,"column":5}},"type":"if","locations":[{"start":{"line":254,"column":4},"end":{"line":259,"column":5}},{"start":{},"end":{}}],"line":254},"22":{"loc":{"start":{"line":274,"column":12},"end":{"line":274,"column":24}},"type":"default-arg","locations":[{"start":{"line":274,"column":23},"end":{"line":274,"column":24}}],"line":274},"23":{"loc":{"start":{"line":277,"column":4},"end":{"line":282,"column":5}},"type":"if","locations":[{"start":{"line":277,"column":4},"end":{"line":282,"column":5}},{"start":{},"end":{}}],"line":277},"24":{"loc":{"start":{"line":284,"column":4},"end":{"line":289,"column":5}},"type":"if","locations":[{"start":{"line":284,"column":4},"end":{"line":289,"column":5}},{"start":{},"end":{}}],"line":284},"25":{"loc":{"start":{"line":304,"column":4},"end":{"line":309,"column":5}},"type":"if","locations":[{"start":{"line":304,"column":4},"end":{"line":309,"column":5}},{"start":{},"end":{}}],"line":304},"26":{"loc":{"start":{"line":327,"column":4},"end":{"line":332,"column":5}},"type":"if","locations":[{"start":{"line":327,"column":4},"end":{"line":332,"column":5}},{"start":{},"end":{}}],"line":327},"27":{"loc":{"start":{"line":349,"column":4},"end":{"line":354,"column":5}},"type":"if","locations":[{"start":{"line":349,"column":4},"end":{"line":354,"column":5}},{"start":{},"end":{}}],"line":349},"28":{"loc":{"start":{"line":355,"column":4},"end":{"line":360,"column":5}},"type":"if","locations":[{"start":{"line":355,"column":4},"end":{"line":360,"column":5}},{"start":{},"end":{}}],"line":355}},"s":{"0":1,"1":1,"2":0,"3":0,"4":0,"5":0,"6":0,"7":1,"8":0,"9":0,"10":0,"11":0,"12":0,"13":0,"14":0,"15":0,"16":0,"17":1,"18":0,"19":0,"20":0,"21":0,"22":0,"23":0,"24":0,"25":0,"26":0,"27":0,"28":0,"29":0,"30":0,"31":0,"32":0,"33":0,"34":1,"35":0,"36":0,"37":0,"38":0,"39":0,"40":0,"41":0,"42":0,"43":0,"44":0,"45":0,"46":0,"47":0,"48":0,"49":0,"50":1,"51":0,"52":0,"53":0,"54":0,"55":0,"56":0,"57":0,"58":0,"59":0,"60":0,"61":0,"62":0,"63":0,"64":0,"65":0,"66":0,"67":0,"68":0,"69":0,"70":0,"71":0,"72":0,"73":0,"74":0,"75":0,"76":0,"77":0,"78":0,"79":0,"80":0,"81":1,"82":0,"83":0,"84":0,"85":0,"86":0,"87":0,"88":0,"89":0,"90":0,"91":0,"92":1,"93":0,"94":0,"95":0,"96":0,"97":0,"98":0,"99":0,"100":0,"101":0,"102":0,"103":0,"104":0,"105":0,"106":1,"107":0,"108":0,"109":0,"110":0,"111":0,"112":0,"113":0,"114":0,"115":0,"116":0,"117":0,"118":0,"119":0,"120":0,"121":1},"f":{"0":0,"1":0,"2":0,"3":0,"4":0,"5":0,"6":0,"7":0,"8":0,"9":0},"b":{"0":[0,0],"1":[0,0],"2":[0,0],"3":[0,0],"4":[0,0],"5":[0,0,0],"6":[0,0],"7":[0,0],"8":[0,0],"9":[0,0],"10":[0,0],"11":[0,0],"12":[0,0],"13":[0,0],"14":[0,0],"15":[0,0],"16":[0,0],"17":[0,0],"18":[0,0],"19":[0,0],"20":[0,0],"21":[0,0],"22":[0],"23":[0,0],"24":[0,0],"25":[0,0],"26":[0,0],"27":[0,0],"28":[0,0]},"_coverageSchema":"1a1c01bbd47fc00a2c39e90264f33305004495a9","hash":"8b5ff793e704f8e4a8589f6e75b14f4338ee65e8"}
,"C:\\Projects\\Sweet_Shop_Management\\backend\\src\\middleware\\auth.js": {"path":"C:\\Projects\\Sweet_Shop_Management\\backend\\src\\middleware\\auth.js","statementMap":{"0":{"start":{"line":1,"column":12},"end":{"line":1,"column":35}},"1":{"start":{"line":2,"column":13},"end":{"line":2,"column":38}},"2":{"start":{"line":8,"column":21},"end":{"line":60,"column":1}},"3":{"start":{"line":9,"column":2},"end":{"line":59,"column":3}},"4":{"start":{"line":10,"column":23},"end":{"line":10,"column":50}},"5":{"start":{"line":12,"column":4},"end":{"line":17,"column":5}},"6":{"start":{"line":13,"column":6},"end":{"line":16,"column":9}},"7":{"start":{"line":19,"column":18},"end":{"line":19,"column":41}},"8":{"start":{"line":21,"column":4},"end":{"line":26,"column":5}},"9":{"start":{"line":22,"column":6},"end":{"line":25,"column":9}},"10":{"start":{"line":28,"column":20},"end":{"line":28,"column":61}},"11":{"start":{"line":29,"column":17},"end":{"line":29,"column":72}},"12":{"start":{"line":31,"column":4},"end":{"line":36,"column":5}},"13":{"start":{"line":32,"column":6},"end":{"line":35,"column":9}},"14":{"start":{"line":38,"column":4},"end":{"line":38,"column":20}},"15":{"start":{"line":39,"column":4},"end":{"line":39,"column":11}},"16":{"start":{"line":41,"column":4},"end":{"line":46,"column":5}},"17":{"start":{"line":42,"column":6},"end":{"line":45,"column":9}},"18":{"start":{"line":48,"column":4},"end":{"line":53,"column":5}},"19":{"start":{"line":49,"column":6},"end":{"line":52,"column":9}},"20":{"start":{"line":55,"column":4},"end":{"line":58,"column":7}},"21":{"start":{"line":66,"column":21},"end":{"line":82,"column":1}},"22":{"start":{"line":67,"column":2},"end":{"line":72,"column":3}},"23":{"start":{"line":68,"column":4},"end":{"line":71,"column":7}},"24":{"start":{"line":74,"column":2},"end":{"line":79,"column":3}},"25":{"start":{"line":75,"column":4},"end":{"line":78,"column":7}},"26":{"start":{"line":81,"column":2},"end":{"line":81,"column":9}},"27":{"start":{"line":84,"column":0},"end":{"line":87,"column":2}}},"fnMap":{"0":{"name":"(anonymous_0)","decl":{"start":{"line":8,"column":21},"end":{"line":8,"column":22}},"loc":{"start":{"line":8,"column":47},"end":{"line":60,"column":1}},"line":8},"1":{"name":"(anonymous_1)","decl":{"start":{"line":66,"column":21},"end":{"line":66,"column":22}},"loc":{"start":{"line":66,"column":41},"end":{"line":82,"column":1}},"line":66}},"branchMap":{"0":{"loc":{"start":{"line":12,"column":4},"end":{"line":17,"column":5}},"type":"if","locations":[{"start":{"line":12,"column":4},"end":{"line":17,"column":5}},{"start":{},"end":{}}],"line":12},"1":{"loc":{"start":{"line":12,"column":8},"end":{"line":12,"column":56}},"type":"binary-expr","locations":[{"start":{"line":12,"column":8},"end":{"line":12,"column":19}},{"start":{"line":12,"column":23},"end":{"line":12,"column":56}}],"line":12},"2":{"loc":{"start":{"line":21,"column":4},"end":{"line":26,"column":5}},"type":"if","locations":[{"start":{"line":21,"column":4},"end":{"line":26,"column":5}},{"start":{},"end":{}}],"line":21},"3":{"loc":{"start":{"line":31,"column":4},"end":{"line":36,"column":5}},"type":"if","locations":[{"start":{"line":31,"column":4},"end":{"line":36,"column":5}},{"start":{},"end":{}}],"line":31},"4":{"loc":{"start":{"line":41,"column":4},"end":{"line":46,"column":5}},"type":"if","locations":[{"start":{"line":41,"column":4},"end":{"line":46,"column":5}},{"start":{},"end":{}}],"line":41},"5":{"loc":{"start":{"line":48,"column":4},"end":{"line":53,"column":5}},"type":"if","locations":[{"start":{"line":48,"column":4},"end":{"line":53,"column":5}},{"start":{},"end":{}}],"line":48},"6":{"loc":{"start":{"line":67,"column":2},"end":{"line":72,"column":3}},"type":"if","locations":[{"start":{"line":67,"column":2},"end":{"line":72,"column":3}},{"start":{},"end":{}}],"line":67},"7":{"loc":{"start":{"line":74,"column":2},"end":{"line":79,"column":3}},"type":"if","locations":[{"start":{"line":74,"column":2},"end":{"line":79,"column":3}},{"start":{},"end":{}}],"line":74}},"s":{"0":1,"1":1,"2":1,"3":0,"4":0,"5":0,"6":0,"7":0,"8":0,"9":0,"10":0,"11":0,"12":0,"13":0,"14":0,"15":0,"16":0,"17":0,"18":0,"19":0,"20":0,"21":1,"22":0,"23":0,"24":0,"25":0,"26":0,"27":1},"f":{"0":0,"1":0},"b":{"0":[0,0],"1":[0,0],"2":[0,0],"3":[0,0],"4":[0,0],"5":[0,0],"6":[0,0],"7":[0,0]},"_coverageSchema":"1a1c01bbd47fc00a2c39e90264f33305004495a9","hash":"e05ace3664c1a216e3296aee2e42077b42635e35"}
,"C:\\Projects\\Sweet_Shop_Management\\backend\\src\\middleware\\validation.js": {"path":"C:\\Projects\\Sweet_Shop_Management\\backend\\src\\middleware\\validation.js","statementMap":{"0":{"start":{"line":1,"column":42},"end":{"line":1,"column":70}},"1":{"start":{"line":6,"column":31},"end":{"line":18,"column":1}},"2":{"start":{"line":7,"column":17},"end":{"line":7,"column":38}},"3":{"start":{"line":8,"column":2},"end":{"line":16,"column":3}},"4":{"start":{"line":9,"column":4},"end":{"line":9,"column":54}},"5":{"start":{"line":10,"column":4},"end":{"line":10,"column":61}},"6":{"start":{"line":11,"column":4},"end":{"line":15,"column":7}},"7":{"start":{"line":17,"column":2},"end":{"line":17,"column":9}},"8":{"start":{"line":23,"column":33},"end":{"line":44,"column":1}},"9":{"start":{"line":49,"column":26},"end":{"line":61,"column":1}},"10":{"start":{"line":66,"column":22},"end":{"line":117,"column":1}},"11":{"start":{"line":105,"column":6},"end":{"line":112,"column":7}},"12":{"start":{"line":106,"column":8},"end":{"line":111,"column":9}},"13":{"start":{"line":107,"column":10},"end":{"line":107,"column":25}},"14":{"start":{"line":108,"column":10},"end":{"line":108,"column":22}},"15":{"start":{"line":110,"column":10},"end":{"line":110,"column":55}},"16":{"start":{"line":113,"column":6},"end":{"line":113,"column":18}},"17":{"start":{"line":122,"column":28},"end":{"line":166,"column":1}},"18":{"start":{"line":171,"column":28},"end":{"line":196,"column":1}},"19":{"start":{"line":201,"column":25},"end":{"line":208,"column":1}},"20":{"start":{"line":213,"column":24},"end":{"line":219,"column":1}},"21":{"start":{"line":221,"column":0},"end":{"line":230,"column":2}}},"fnMap":{"0":{"name":"(anonymous_0)","decl":{"start":{"line":6,"column":31},"end":{"line":6,"column":32}},"loc":{"start":{"line":6,"column":51},"end":{"line":18,"column":1}},"line":6},"1":{"name":"(anonymous_1)","decl":{"start":{"line":104,"column":12},"end":{"line":104,"column":13}},"loc":{"start":{"line":104,"column":23},"end":{"line":114,"column":5}},"line":104}},"branchMap":{"0":{"loc":{"start":{"line":8,"column":2},"end":{"line":16,"column":3}},"type":"if","locations":[{"start":{"line":8,"column":2},"end":{"line":16,"column":3}},{"start":{},"end":{}}],"line":8},"1":{"loc":{"start":{"line":105,"column":6},"end":{"line":112,"column":7}},"type":"if","locations":[{"start":{"line":105,"column":6},"end":{"line":112,"column":7}},{"start":{},"end":{}}],"line":105},"2":{"loc":{"start":{"line":105,"column":10},"end":{"line":105,"column":31}},"type":"binary-expr","locations":[{"start":{"line":105,"column":10},"end":{"line":105,"column":15}},{"start":{"line":105,"column":19},"end":{"line":105,"column":31}}],"line":105}},"s":{"0":1,"1":1,"2":0,"3":0,"4":0,"5":0,"6":0,"7":0,"8":1,"9":1,"10":1,"11":0,"12":0,"13":0,"14":0,"15":0,"16":0,"17":1,"18":1,"19":1,"20":1,"21":1},"f":{"0":0,"1":0},"b":{"0":[0,0],"1":[0,0],"2":[0,0]},"_coverageSchema":"1a1c01bbd47fc00a2c39e90264f33305004495a9","hash":"f71029b4d5c681518533df08fbefcf61d76d6964"}
,"C:\\Projects\\Sweet_Shop_Management\\backend\\src\\models\\Sweet.js": {"path":"C:\\Projects\\Sweet_Shop_Management\\backend\\src\\models\\Sweet.js","statementMap":{"0":{"start":{"line":1,"column":17},"end":{"line":1,"column":36}},"1":{"start":{"line":3,"column":20},"end":{"line":52,"column":1}},"2":{"start":{"line":57,"column":0},"end":{"line":57,"column":57}},"3":{"start":{"line":58,"column":0},"end":{"line":58,"column":35}},"4":{"start":{"line":59,"column":0},"end":{"line":59,"column":32}},"5":{"start":{"line":65,"column":0},"end":{"line":67,"column":3}},"6":{"start":{"line":66,"column":2},"end":{"line":66,"column":27}},"7":{"start":{"line":73,"column":0},"end":{"line":83,"column":2}},"8":{"start":{"line":74,"column":2},"end":{"line":76,"column":3}},"9":{"start":{"line":75,"column":4},"end":{"line":75,"column":58}},"10":{"start":{"line":77,"column":2},"end":{"line":79,"column":3}},"11":{"start":{"line":78,"column":4},"end":{"line":78,"column":42}},"12":{"start":{"line":81,"column":2},"end":{"line":81,"column":25}},"13":{"start":{"line":82,"column":2},"end":{"line":82,"column":21}},"14":{"start":{"line":85,"column":0},"end":{"line":92,"column":2}},"15":{"start":{"line":86,"column":2},"end":{"line":88,"column":3}},"16":{"start":{"line":87,"column":4},"end":{"line":87,"column":57}},"17":{"start":{"line":90,"column":2},"end":{"line":90,"column":25}},"18":{"start":{"line":91,"column":2},"end":{"line":91,"column":21}},"19":{"start":{"line":94,"column":0},"end":{"line":94,"column":54}}},"fnMap":{"0":{"name":"(anonymous_0)","decl":{"start":{"line":65,"column":35},"end":{"line":65,"column":36}},"loc":{"start":{"line":65,"column":47},"end":{"line":67,"column":1}},"line":65},"1":{"name":"(anonymous_1)","decl":{"start":{"line":73,"column":31},"end":{"line":73,"column":32}},"loc":{"start":{"line":73,"column":58},"end":{"line":83,"column":1}},"line":73},"2":{"name":"(anonymous_2)","decl":{"start":{"line":85,"column":30},"end":{"line":85,"column":31}},"loc":{"start":{"line":85,"column":53},"end":{"line":92,"column":1}},"line":85}},"branchMap":{"0":{"loc":{"start":{"line":73,"column":47},"end":{"line":73,"column":56}},"type":"default-arg","locations":[{"start":{"line":73,"column":55},"end":{"line":73,"column":56}}],"line":73},"1":{"loc":{"start":{"line":74,"column":2},"end":{"line":76,"column":3}},"type":"if","locations":[{"start":{"line":74,"column":2},"end":{"line":76,"column":3}},{"start":{},"end":{}}],"line":74},"2":{"loc":{"start":{"line":77,"column":2},"end":{"line":79,"column":3}},"type":"if","locations":[{"start":{"line":77,"column":2},"end":{"line":79,"column":3}},{"start":{},"end":{}}],"line":77},"3":{"loc":{"start":{"line":86,"column":2},"end":{"line":88,"column":3}},"type":"if","locations":[{"start":{"line":86,"column":2},"end":{"line":88,"column":3}},{"start":{},"end":{}}],"line":86}},"s":{"0":2,"1":2,"2":2,"3":2,"4":2,"5":2,"6":0,"7":2,"8":0,"9":0,"10":0,"11":0,"12":0,"13":0,"14":2,"15":0,"16":0,"17":0,"18":0,"19":2},"f":{"0":0,"1":0,"2":0},"b":{"0":[0],"1":[0,0],"2":[0,0],"3":[0,0]},"_coverageSchema":"1a1c01bbd47fc00a2c39e90264f33305004495a9","hash":"72e2dccf1a33b70ab0decda73165f2d9dd623544"}
,"C:\\Projects\\Sweet_Shop_Management\\backend\\src\\models\\User.js": {"path":"C:\\Projects\\Sweet_Shop_Management\\backend\\src\\models\\User.js","statementMap":{"0":{"start":{"line":1,"column":17},"end":{"line":1,"column":36}},"1":{"start":{"line":2,"column":15},"end":{"line":2,"column":34}},"2":{"start":{"line":8,"column":19},"end":{"line":37,"column":2}},"3":{"start":{"line":39,"column":0},"end":{"line":44,"column":3}},"4":{"start":{"line":40,"column":2},"end":{"line":40,"column":43}},"5":{"start":{"line":40,"column":36},"end":{"line":40,"column":43}},"6":{"start":{"line":42,"column":15},"end":{"line":42,"column":39}},"7":{"start":{"line":43,"column":2},"end":{"line":43,"column":57}},"8":{"start":{"line":48,"column":0},"end":{"line":50,"column":2}},"9":{"start":{"line":49,"column":2},"end":{"line":49,"column":64}},"10":{"start":{"line":53,"column":0},"end":{"line":57,"column":2}},"11":{"start":{"line":54,"column":21},"end":{"line":54,"column":36}},"12":{"start":{"line":55,"column":2},"end":{"line":55,"column":29}},"13":{"start":{"line":56,"column":2},"end":{"line":56,"column":20}},"14":{"start":{"line":59,"column":0},"end":{"line":59,"column":52}}},"fnMap":{"0":{"name":"(anonymous_0)","decl":{"start":{"line":39,"column":23},"end":{"line":39,"column":24}},"loc":{"start":{"line":39,"column":41},"end":{"line":44,"column":1}},"line":39},"1":{"name":"(anonymous_1)","decl":{"start":{"line":48,"column":37},"end":{"line":48,"column":38}},"loc":{"start":{"line":48,"column":71},"end":{"line":50,"column":1}},"line":48},"2":{"name":"(anonymous_2)","decl":{"start":{"line":53,"column":28},"end":{"line":53,"column":29}},"loc":{"start":{"line":53,"column":39},"end":{"line":57,"column":1}},"line":53}},"branchMap":{"0":{"loc":{"start":{"line":40,"column":2},"end":{"line":40,"column":43}},"type":"if","locations":[{"start":{"line":40,"column":2},"end":{"line":40,"column":43}},{"start":{},"end":{}}],"line":40}},"s":{"0":2,"1":2,"2":2,"3":2,"4":10,"5":0,"6":10,"7":10,"8":2,"9":2,"10":2,"11":1,"12":1,"13":1,"14":2},"f":{"0":10,"1":2,"2":1},"b":{"0":[0,10]},"_coverageSchema":"1a1c01bbd47fc00a2c39e90264f33305004495a9","hash":"f8e0b160ad4af879ede92f76a793a5c1a76cc87d"}
,"C:\\Projects\\Sweet_Shop_Management\\backend\\src\\routes\\auth.js": {"path":"C:\\Projects\\Sweet_Shop_Management\\backend\\src\\routes\\auth.js","statementMap":{"0":{"start":{"line":2,"column":16},"end":{"line":2,"column":34}},"1":{"start":{"line":3,"column":15},"end":{"line":3,"column":31}},"2":{"start":{"line":4,"column":28},"end":{"line":4,"column":68}},"3":{"start":{"line":6,"column":0},"end":{"line":6,"column":35}},"4":{"start":{"line":7,"column":0},"end":{"line":7,"column":29}},"5":{"start":{"line":9,"column":0},"end":{"line":9,"column":24}}},"fnMap":{},"branchMap":{},"s":{"0":1,"1":1,"2":1,"3":1,"4":1,"5":1},"f":{},"b":{},"_coverageSchema":"1a1c01bbd47fc00a2c39e90264f33305004495a9","hash":"baeb58fce2fc22c132d6c36298a656359655e80c"}
,"C:\\Projects\\Sweet_Shop_Management\\backend\\src\\routes\\sweet.js": {"path":"C:\\Projects\\Sweet_Shop_Management\\backend\\src\\routes\\sweet.js","statementMap":{"0":{"start":{"line":1,"column":16},"end":{"line":1,"column":34}},"1":{"start":{"line":2,"column":15},"end":{"line":2,"column":31}},"2":{"start":{"line":12,"column":4},"end":{"line":12,"column":45}},"3":{"start":{"line":13,"column":39},"end":{"line":13,"column":68}},"4":{"start":{"line":20,"column":4},"end":{"line":20,"column":39}},"5":{"start":{"line":25,"column":0},"end":{"line":25,"column":71}},"6":{"start":{"line":30,"column":0},"end":{"line":30,"column":44}},"7":{"start":{"line":35,"column":0},"end":{"line":35,"column":47}},"8":{"start":{"line":40,"column":0},"end":{"line":40,"column":73}},"9":{"start":{"line":45,"column":0},"end":{"line":45,"column":81}},"10":{"start":{"line":50,"column":0},"end":{"line":50,"column":63}},"11":{"start":{"line":55,"column":0},"end":{"line":55,"column":76}},"12":{"start":{"line":60,"column":0},"end":{"line":60,"column":87}},"13":{"start":{"line":62,"column":0},"end":{"line":62,"column":24}}},"fnMap":{},"branchMap":{},"s":{"0":1,"1":1,"2":1,"3":1,"4":1,"5":1,"6":1,"7":1,"8":1,"9":1,"10":1,"11":1,"12":1,"13":1},"f":{},"b":{},"_coverageSchema":"1a1c01bbd47fc00a2c39e90264f33305004495a9","hash":"015b3ab3b05dddf9bebd7dc87c11b5ffd3e8ad6c"}
,"C:\\Projects\\Sweet_Shop_Management\\backend\\src\\utils\\auth.js": {"path":"C:\\Projects\\Sweet_Shop_Management\\backend\\src\\utils\\auth.js","statementMap":{"0":{"start":{"line":1,"column":12},"end":{"line":1,"column":35}},"1":{"start":{"line":2,"column":15},"end":{"line":2,"column":34}},"2":{"start":{"line":5,"column":22},"end":{"line":9,"column":1}},"3":{"start":{"line":6,"column":2},"end":{"line":8,"column":5}},"4":{"start":{"line":12,"column":20},"end":{"line":14,"column":1}},"5":{"start":{"line":13,"column":2},"end":{"line":13,"column":51}},"6":{"start":{"line":17,"column":21},"end":{"line":20,"column":1}},"7":{"start":{"line":18,"column":15},"end":{"line":18,"column":39}},"8":{"start":{"line":19,"column":2},"end":{"line":19,"column":43}},"9":{"start":{"line":23,"column":24},"end":{"line":25,"column":1}},"10":{"start":{"line":24,"column":2},"end":{"line":24,"column":56}},"11":{"start":{"line":27,"column":0},"end":{"line":32,"column":2}}},"fnMap":{"0":{"name":"(anonymous_0)","decl":{"start":{"line":5,"column":22},"end":{"line":5,"column":23}},"loc":{"start":{"line":5,"column":35},"end":{"line":9,"column":1}},"line":5},"1":{"name":"(anonymous_1)","decl":{"start":{"line":12,"column":20},"end":{"line":12,"column":21}},"loc":{"start":{"line":12,"column":31},"end":{"line":14,"column":1}},"line":12},"2":{"name":"(anonymous_2)","decl":{"start":{"line":17,"column":21},"end":{"line":17,"column":22}},"loc":{"start":{"line":17,"column":41},"end":{"line":20,"column":1}},"line":17},"3":{"name":"(anonymous_3)","decl":{"start":{"line":23,"column":24},"end":{"line":23,"column":25}},"loc":{"start":{"line":23,"column":60},"end":{"line":25,"column":1}},"line":23}},"branchMap":{"0":{"loc":{"start":{"line":7,"column":15},"end":{"line":7,"column":49}},"type":"binary-expr","locations":[{"start":{"line":7,"column":15},"end":{"line":7,"column":41}},{"start":{"line":7,"column":45},"end":{"line":7,"column":49}}],"line":7}},"s":{"0":1,"1":1,"2":1,"3":2,"4":1,"5":1,"6":1,"7":2,"8":2,"9":1,"10":1,"11":1},"f":{"0":2,"1":1,"2":2,"3":1},"b":{"0":[2,0]},"_coverageSchema":"1a1c01bbd47fc00a2c39e90264f33305004495a9","hash":"bff2cc29f4f3fc735350d317bc69618566590c47"}
}
