TN:
SF:src\app.js
FN:16,(anonymous_0)
FN:29,(anonymous_1)
FN:38,(anonymous_2)
FNF:3
FNH:0
FNDA:0,(anonymous_0)
FNDA:0,(anonymous_1)
FNDA:0,(anonymous_2)
DA:1,1
DA:2,1
DA:3,1
DA:4,1
DA:6,1
DA:9,1
DA:12,1
DA:13,1
DA:16,1
DA:17,0
DA:18,0
DA:25,1
DA:26,1
DA:29,1
DA:30,0
DA:38,1
DA:39,0
DA:40,0
DA:48,1
DA:49,1
DA:51,1
LF:21
LH:16
BRF:0
BRH:0
end_of_record
TN:
SF:src\config\database.js
FN:3,(anonymous_0)
FN:17,(anonymous_1)
FN:21,(anonymous_2)
FNF:3
FNH:2
FNDA:1,(anonymous_0)
FNDA:0,(anonymous_1)
FNDA:2,(anonymous_2)
DA:1,1
DA:3,1
DA:4,1
DA:6,1
DA:7,0
DA:10,1
DA:12,1
DA:13,0
DA:17,1
DA:18,0
DA:21,1
DA:22,2
DA:23,0
DA:27,1
DA:29,0
DA:30,0
DA:31,0
DA:33,0
DA:37,1
LF:19
LH:11
BRDA:6,0,0,0
BRDA:6,0,1,1
BRDA:12,1,0,0
BRDA:12,1,1,1
BRDA:22,2,0,0
BRDA:22,2,1,2
BRDA:30,3,0,0
BRDA:30,3,1,0
BRF:8
BRH:3
end_of_record
TN:
SF:src\controllers\authController.js
FN:4,(anonymous_0)
FN:10,(anonymous_1)
FN:66,(anonymous_2)
FNF:3
FNH:2
FNDA:0,(anonymous_0)
FNDA:13,(anonymous_1)
FNDA:5,(anonymous_2)
DA:1,1
DA:2,1
DA:4,1
DA:5,0
DA:10,1
DA:11,13
DA:12,13
DA:14,13
DA:15,13
DA:22,0
DA:26,0
DA:27,0
DA:28,0
DA:35,0
DA:41,0
DA:44,0
DA:46,0
DA:58,0
DA:59,0
DA:66,1
DA:67,5
DA:68,5
DA:70,5
DA:71,1
DA:78,4
DA:79,4
DA:80,4
DA:87,0
DA:88,0
DA:89,0
DA:96,0
DA:98,0
DA:110,0
DA:111,0
DA:118,1
LF:35
LH:17
BRDA:6,0,0,0
BRDA:6,0,1,0
BRDA:14,1,0,13
BRDA:14,1,1,0
BRDA:14,2,0,13
BRDA:14,2,1,12
BRDA:14,2,2,11
BRDA:26,3,0,0
BRDA:26,3,1,0
BRDA:27,4,0,0
BRDA:27,4,1,0
BRDA:70,5,0,1
BRDA:70,5,1,4
BRDA:70,6,0,5
BRDA:70,6,1,5
BRDA:79,7,0,4
BRDA:79,7,1,0
BRDA:88,8,0,0
BRDA:88,8,1,0
BRF:19
BRH:9
end_of_record
TN:
SF:src\controllers\sweetController.js
FN:8,(anonymous_0)
FN:31,(anonymous_1)
FN:66,(anonymous_2)
FN:112,(anonymous_3)
FN:152,(anonymous_4)
FN:167,(anonymous_5)
FN:221,(anonymous_6)
FN:236,(anonymous_7)
FN:272,(anonymous_8)
FN:322,(anonymous_9)
FNF:10
FNH:0
FNDA:0,(anonymous_0)
FNDA:0,(anonymous_1)
FNDA:0,(anonymous_2)
FNDA:0,(anonymous_3)
FNDA:0,(anonymous_4)
FNDA:0,(anonymous_5)
FNDA:0,(anonymous_6)
FNDA:0,(anonymous_7)
FNDA:0,(anonymous_8)
FNDA:0,(anonymous_9)
DA:1,1
DA:8,1
DA:9,0
DA:10,0
DA:12,0
DA:18,0
DA:19,0
DA:31,1
DA:32,0
DA:33,0
DA:35,0
DA:36,0
DA:42,0
DA:47,0
DA:48,0
DA:49,0
DA:54,0
DA:66,1
DA:67,0
DA:68,0
DA:69,0
DA:70,0
DA:73,0
DA:74,0
DA:80,0
DA:81,0
DA:84,0
DA:85,0
DA:88,0
DA:89,0
DA:90,0
DA:92,0
DA:99,0
DA:100,0
DA:112,1
DA:113,0
DA:114,0
DA:115,0
DA:116,0
DA:119,0
DA:123,0
DA:124,0
DA:130,0
DA:139,0
DA:141,0
DA:147,0
DA:148,0
DA:149,0
DA:152,0
DA:155,0
DA:167,1
DA:168,0
DA:169,0
DA:171,0
DA:172,0
DA:173,0
DA:180,0
DA:181,0
DA:186,0
DA:187,0
DA:195,0
DA:196,0
DA:197,0
DA:198,0
DA:199,0
DA:200,0
DA:202,0
DA:204,0
DA:210,0
DA:211,0
DA:212,0
DA:217,0
DA:218,0
DA:221,0
DA:224,0
DA:236,1
DA:237,0
DA:238,0
DA:239,0
DA:240,0
DA:246,0
DA:248,0
DA:253,0
DA:254,0
DA:255,0
DA:260,0
DA:272,1
DA:273,0
DA:274,0
DA:276,0
DA:277,0
DA:278,0
DA:284,0
DA:285,0
DA:291,0
DA:293,0
DA:303,0
DA:304,0
DA:305,0
DA:310,0
DA:322,1
DA:323,0
DA:324,0
DA:326,0
DA:327,0
DA:328,0
DA:334,0
DA:335,0
DA:337,0
DA:348,0
DA:349,0
DA:350,0
DA:355,0
DA:356,0
DA:361,0
DA:368,1
LF:116
LH:10
BRDA:35,0,0,0
BRDA:35,0,1,0
BRDA:48,1,0,0
BRDA:48,1,1,0
BRDA:73,2,0,0
BRDA:73,2,1,0
BRDA:80,3,0,0
BRDA:80,3,1,0
BRDA:84,4,0,0
BRDA:84,4,1,0
BRDA:116,5,0,0
BRDA:116,5,1,0
BRDA:116,5,2,0
BRDA:123,6,0,0
BRDA:123,6,1,0
BRDA:148,7,0,0
BRDA:148,7,1,0
BRDA:172,8,0,0
BRDA:172,8,1,0
BRDA:180,9,0,0
BRDA:180,9,1,0
BRDA:180,10,0,0
BRDA:180,10,1,0
BRDA:186,11,0,0
BRDA:186,11,1,0
BRDA:195,12,0,0
BRDA:195,12,1,0
BRDA:196,13,0,0
BRDA:196,13,1,0
BRDA:197,14,0,0
BRDA:197,14,1,0
BRDA:198,15,0,0
BRDA:198,15,1,0
BRDA:199,16,0,0
BRDA:199,16,1,0
BRDA:200,17,0,0
BRDA:200,17,1,0
BRDA:211,18,0,0
BRDA:211,18,1,0
BRDA:217,19,0,0
BRDA:217,19,1,0
BRDA:239,20,0,0
BRDA:239,20,1,0
BRDA:254,21,0,0
BRDA:254,21,1,0
BRDA:274,22,0,0
BRDA:277,23,0,0
BRDA:277,23,1,0
BRDA:284,24,0,0
BRDA:284,24,1,0
BRDA:304,25,0,0
BRDA:304,25,1,0
BRDA:327,26,0,0
BRDA:327,26,1,0
BRDA:349,27,0,0
BRDA:349,27,1,0
BRDA:355,28,0,0
BRDA:355,28,1,0
BRF:58
BRH:0
end_of_record
TN:
SF:src\middleware\auth.js
FN:8,(anonymous_0)
FN:66,(anonymous_1)
FNF:2
FNH:0
FNDA:0,(anonymous_0)
FNDA:0,(anonymous_1)
DA:1,1
DA:2,1
DA:8,1
DA:9,0
DA:10,0
DA:12,0
DA:13,0
DA:19,0
DA:21,0
DA:22,0
DA:28,0
DA:29,0
DA:31,0
DA:32,0
DA:38,0
DA:39,0
DA:41,0
DA:42,0
DA:48,0
DA:49,0
DA:55,0
DA:66,1
DA:67,0
DA:68,0
DA:74,0
DA:75,0
DA:81,0
DA:84,1
LF:28
LH:5
BRDA:12,0,0,0
BRDA:12,0,1,0
BRDA:12,1,0,0
BRDA:12,1,1,0
BRDA:21,2,0,0
BRDA:21,2,1,0
BRDA:31,3,0,0
BRDA:31,3,1,0
BRDA:41,4,0,0
BRDA:41,4,1,0
BRDA:48,5,0,0
BRDA:48,5,1,0
BRDA:67,6,0,0
BRDA:67,6,1,0
BRDA:74,7,0,0
BRDA:74,7,1,0
BRF:16
BRH:0
end_of_record
TN:
SF:src\middleware\validation.js
FN:6,(anonymous_0)
FN:104,(anonymous_1)
FNF:2
FNH:0
FNDA:0,(anonymous_0)
FNDA:0,(anonymous_1)
DA:1,1
DA:6,1
DA:7,0
DA:8,0
DA:9,0
DA:10,0
DA:11,0
DA:17,0
DA:23,1
DA:49,1
DA:66,1
DA:105,0
DA:106,0
DA:107,0
DA:108,0
DA:110,0
DA:113,0
DA:122,1
DA:171,1
DA:201,1
DA:213,1
DA:221,1
LF:22
LH:10
BRDA:8,0,0,0
BRDA:8,0,1,0
BRDA:105,1,0,0
BRDA:105,1,1,0
BRDA:105,2,0,0
BRDA:105,2,1,0
BRF:6
BRH:0
end_of_record
TN:
SF:src\models\Sweet.js
FN:65,(anonymous_0)
FN:73,(anonymous_1)
FN:85,(anonymous_2)
FNF:3
FNH:0
FNDA:0,(anonymous_0)
FNDA:0,(anonymous_1)
FNDA:0,(anonymous_2)
DA:1,2
DA:3,2
DA:57,2
DA:58,2
DA:59,2
DA:65,2
DA:66,0
DA:73,2
DA:74,0
DA:75,0
DA:77,0
DA:78,0
DA:81,0
DA:82,0
DA:85,2
DA:86,0
DA:87,0
DA:90,0
DA:91,0
DA:94,2
LF:20
LH:9
BRDA:73,0,0,0
BRDA:74,1,0,0
BRDA:74,1,1,0
BRDA:77,2,0,0
BRDA:77,2,1,0
BRDA:86,3,0,0
BRDA:86,3,1,0
BRF:7
BRH:0
end_of_record
TN:
SF:src\models\User.js
FN:39,(anonymous_0)
FN:48,(anonymous_1)
FN:53,(anonymous_2)
FNF:3
FNH:3
FNDA:10,(anonymous_0)
FNDA:2,(anonymous_1)
FNDA:1,(anonymous_2)
DA:1,2
DA:2,2
DA:8,2
DA:39,2
DA:40,10
DA:42,10
DA:43,10
DA:48,2
DA:49,2
DA:53,2
DA:54,1
DA:55,1
DA:56,1
DA:59,2
LF:14
LH:14
BRDA:40,0,0,0
BRDA:40,0,1,10
BRF:2
BRH:1
end_of_record
TN:
SF:src\routes\auth.js
FNF:0
FNH:0
DA:2,1
DA:3,1
DA:4,1
DA:6,1
DA:7,1
DA:9,1
LF:6
LH:6
BRF:0
BRH:0
end_of_record
TN:
SF:src\routes\sweet.js
FNF:0
FNH:0
DA:1,1
DA:2,1
DA:12,1
DA:13,1
DA:20,1
DA:25,1
DA:30,1
DA:35,1
DA:40,1
DA:45,1
DA:50,1
DA:55,1
DA:60,1
DA:62,1
LF:14
LH:14
BRF:0
BRH:0
end_of_record
TN:
SF:src\utils\auth.js
FN:5,(anonymous_0)
FN:12,(anonymous_1)
FN:17,(anonymous_2)
FN:23,(anonymous_3)
FNF:4
FNH:4
FNDA:2,(anonymous_0)
FNDA:1,(anonymous_1)
FNDA:2,(anonymous_2)
FNDA:1,(anonymous_3)
DA:1,1
DA:2,1
DA:5,1
DA:6,2
DA:12,1
DA:13,1
DA:17,1
DA:18,2
DA:19,2
DA:23,1
DA:24,1
DA:27,1
LF:12
LH:12
BRDA:7,0,0,2
BRDA:7,0,1,0
BRF:2
BRH:1
end_of_record
